/home/Shared/dotfiles/Kitware
/home/Shared/dotfiles/Kvantum
/home/Shared/dotfiles/Mousepad
/home/Shared/dotfiles/NuGet
/home/Shared/dotfiles/PyCharm2018.2
/home/Shared/dotfiles/SpaceVim.d
/home/Shared/dotfiles/VirtualBox
/home/Shared/dotfiles/alacritty
/home/Shared/dotfiles/antigen
/home/Shared/dotfiles/audacious
/home/Shared/dotfiles/autostart
/home/Shared/dotfiles/bash
/home/Shared/dotfiles/clight
/home/Shared/dotfiles/clipit
/home/Shared/dotfiles/compton
/home/Shared/dotfiles/configstore
/home/Shared/dotfiles/conky
/home/Shared/dotfiles/dconf
/home/Shared/dotfiles/dir-color
/home/Shared/dotfiles/dmenu-recent
/home/Shared/dotfiles/dunst
/home/Shared/dotfiles/elinks
/home/Shared/dotfiles/enhancd
/home/Shared/dotfiles/epdfview
/home/Shared/dotfiles/fasd
/home/Shared/dotfiles/fonts
/home/Shared/dotfiles/fzf
/home/Shared/dotfiles/git
/home/Shared/dotfiles/gnupg
/home/Shared/dotfiles/gtag
/home/Shared/dotfiles/htop
/home/Shared/dotfiles/i3-scrot
/home/Shared/dotfiles/i3
/home/Shared/dotfiles/i3stautus
/home/Shared/dotfiles/ibus
/home/Shared/dotfiles/icons
/home/Shared/dotfiles/idea
/home/Shared/dotfiles/ipython
/home/Shared/dotfiles/java
/home/Shared/dotfiles/jupyter
/home/Shared/dotfiles/kernel.org
/home/Shared/dotfiles/kitty
/home/Shared/dotfiles/libaccounts-glib
/home/Shared/dotfiles/libfm
/home/Shared/dotfiles/links
/home/Shared/dotfiles/lxsession
/home/Shared/dotfiles/manjaro
/home/Shared/dotfiles/mc
/home/Shared/dotfiles/moc
/home/Shared/dotfiles/mono
/home/Shared/dotfiles/morc_menu
/home/Shared/dotfiles/nvim
/home/Shared/dotfiles/pcmanfm
/home/Shared/dotfiles/pki
/home/Shared/dotfiles/psd
/home/Shared/dotfiles/pulse
/home/Shared/dotfiles/ranger
/home/Shared/dotfiles/rofi
/home/Shared/dotfiles/scripts
/home/Shared/dotfiles/subversion
/home/Shared/dotfiles/systemd
/home/Shared/dotfiles/teamviewer
/home/Shared/dotfiles/transmission
/home/Shared/dotfiles/trizen
/home/Shared/dotfiles/user-dir
/home/Shared/dotfiles/vim
/home/Shared/dotfiles/vimfiles
/home/Shared/dotfiles/vlc
/home/Shared/dotfiles/w3m
/home/Shared/dotfiles/wicd
/home/Shared/dotfiles/xfce4
/home/Shared/dotfiles/xorg
/home/Shared/dotfiles/youtube-dl
/home/Shared/dotfiles/znt
/home/Shared/dotfiles/zsh
/home/Shared/boot_
/home/Shared/fonts
/home/Shared/Documents
/usr/lib/modules/4.16.18-rt12-MANJARO/build/drivers/accessibility
/usr/lib/modules/4.16.18-rt12-MANJARO/build/drivers/acpi
/usr/lib/modules/4.16.18-rt12-MANJARO/build/drivers/amba
/usr/lib/modules/4.16.18-rt12-MANJARO/build/drivers/android
/usr/lib/modules/4.16.18-rt12-MANJARO/build/drivers/ata
/usr/lib/modules/4.16.18-rt12-MANJARO/build/drivers/atm
/usr/lib/modules/4.16.18-rt12-MANJARO/build/drivers/auxdisplay
/usr/lib/modules/4.16.18-rt12-MANJARO/build/drivers/base
/usr/lib/modules/4.16.18-rt12-MANJARO/build/drivers/bcma
/usr/lib/modules/4.16.18-rt12-MANJARO/build/drivers/block
/usr/lib/modules/4.16.18-rt12-MANJARO/build/drivers/bluetooth
/usr/lib/modules/4.16.18-rt12-MANJARO/build/drivers/bus
/usr/lib/modules/4.16.18-rt12-MANJARO/build/drivers/char
/usr/lib/modules/4.16.18-rt12-MANJARO/build/drivers/clk
/usr/lib/modules/4.16.18-rt12-MANJARO/build/drivers/clocksource
/usr/lib/modules/4.16.18-rt12-MANJARO/build/drivers/connector
/usr/lib/modules/4.16.18-rt12-MANJARO/build/drivers/cpufreq
/usr/lib/modules/4.16.18-rt12-MANJARO/build/drivers/cpuidle
/usr/lib/modules/4.16.18-rt12-MANJARO/build/drivers/crypto
/usr/lib/modules/4.16.18-rt12-MANJARO/build/drivers/dax
/usr/lib/modules/4.16.18-rt12-MANJARO/build/drivers/dca
/usr/lib/modules/4.16.18-rt12-MANJARO/build/drivers/devfreq
/usr/lib/modules/4.16.18-rt12-MANJARO/build/drivers/dma
/usr/lib/modules/4.16.18-rt12-MANJARO/build/drivers/dma-buf
/usr/lib/modules/4.16.18-rt12-MANJARO/build/drivers/edac
/usr/lib/modules/4.16.18-rt12-MANJARO/build/drivers/eisa
/usr/lib/modules/4.16.18-rt12-MANJARO/build/drivers/extcon
/usr/lib/modules/4.16.18-rt12-MANJARO/build/drivers/firewire
/usr/lib/modules/4.16.18-rt12-MANJARO/build/drivers/firmware
/usr/lib/modules/4.16.18-rt12-MANJARO/build/drivers/fmc
/usr/lib/modules/4.16.18-rt12-MANJARO/build/drivers/fpga
/usr/lib/modules/4.16.18-rt12-MANJARO/build/drivers/fsi
/usr/lib/modules/4.16.18-rt12-MANJARO/build/drivers/gpio
/usr/lib/modules/4.16.18-rt12-MANJARO/build/drivers/gpu
/usr/lib/modules/4.16.18-rt12-MANJARO/build/drivers/hid
/usr/lib/modules/4.16.18-rt12-MANJARO/build/drivers/hsi
/usr/lib/modules/4.16.18-rt12-MANJARO/build/drivers/hv
/usr/lib/modules/4.16.18-rt12-MANJARO/build/drivers/hwmon
/usr/lib/modules/4.16.18-rt12-MANJARO/build/drivers/hwspinlock
/usr/lib/modules/4.16.18-rt12-MANJARO/build/drivers/hwtracing
/usr/lib/modules/4.16.18-rt12-MANJARO/build/drivers/i2c
/usr/lib/modules/4.16.18-rt12-MANJARO/build/drivers/ide
/usr/lib/modules/4.16.18-rt12-MANJARO/build/drivers/idle
/usr/lib/modules/4.16.18-rt12-MANJARO/build/drivers/infiniband
/usr/lib/modules/4.16.18-rt12-MANJARO/build/drivers/input
/usr/lib/modules/4.16.18-rt12-MANJARO/build/drivers/iommu
/usr/lib/modules/4.16.18-rt12-MANJARO/build/drivers/ipack
/usr/lib/modules/4.16.18-rt12-MANJARO/build/drivers/irqchip
/usr/lib/modules/4.16.18-rt12-MANJARO/build/drivers/isdn
/usr/lib/modules/4.16.18-rt12-MANJARO/build/drivers/leds
/usr/lib/modules/4.16.18-rt12-MANJARO/build/drivers/lightnvm
/usr/lib/modules/4.16.18-rt12-MANJARO/build/drivers/macintosh
/usr/lib/modules/4.16.18-rt12-MANJARO/build/drivers/mailbox
/usr/lib/modules/4.16.18-rt12-MANJARO/build/drivers/mcb
/usr/lib/modules/4.16.18-rt12-MANJARO/build/drivers/md
/usr/lib/modules/4.16.18-rt12-MANJARO/build/drivers/media
/usr/lib/modules/4.16.18-rt12-MANJARO/build/drivers/memory
/usr/lib/modules/4.16.18-rt12-MANJARO/build/drivers/memstick
/usr/lib/modules/4.16.18-rt12-MANJARO/build/drivers/message
/usr/lib/modules/4.16.18-rt12-MANJARO/build/drivers/mfd
/usr/lib/modules/4.16.18-rt12-MANJARO/build/drivers/misc
/usr/lib/modules/4.16.18-rt12-MANJARO/build/drivers/mmc
/usr/lib/modules/4.16.18-rt12-MANJARO/build/drivers/mtd
/usr/lib/modules/4.16.18-rt12-MANJARO/build/drivers/mux
/usr/lib/modules/4.16.18-rt12-MANJARO/build/drivers/net
/usr/lib/modules/4.16.18-rt12-MANJARO/build/drivers/nfc
/usr/lib/modules/4.16.18-rt12-MANJARO/build/drivers/ntb
/usr/lib/modules/4.16.18-rt12-MANJARO/build/drivers/nvdimm
/usr/lib/modules/4.16.18-rt12-MANJARO/build/drivers/nvme
/usr/lib/modules/4.16.18-rt12-MANJARO/build/drivers/nvmem
/usr/lib/modules/4.16.18-rt12-MANJARO/build/drivers/of
/usr/lib/modules/4.16.18-rt12-MANJARO/build/drivers/opp
/usr/lib/modules/4.16.18-rt12-MANJARO/build/drivers/parisc
/usr/lib/modules/4.16.18-rt12-MANJARO/build/drivers/parport
/usr/lib/modules/4.16.18-rt12-MANJARO/build/drivers/pci
/usr/lib/modules/4.16.18-rt12-MANJARO/build/drivers/pcmcia
/usr/lib/modules/4.16.18-rt12-MANJARO/build/drivers/perf
/usr/lib/modules/4.16.18-rt12-MANJARO/build/drivers/phy
/usr/lib/modules/4.16.18-rt12-MANJARO/build/drivers/pinctrl
/usr/lib/modules/4.16.18-rt12-MANJARO/build/drivers/platform
/usr/lib/modules/4.16.18-rt12-MANJARO/build/drivers/pnp
/usr/lib/modules/4.16.18-rt12-MANJARO/build/drivers/power
/usr/lib/modules/4.16.18-rt12-MANJARO/build/drivers/powercap
/usr/lib/modules/4.16.18-rt12-MANJARO/build/drivers/pps
/usr/lib/modules/4.16.18-rt12-MANJARO/build/drivers/ptp
/usr/lib/modules/4.16.18-rt12-MANJARO/build/drivers/pwm
/usr/lib/modules/4.16.18-rt12-MANJARO/build/drivers/rapidio
/usr/lib/modules/4.16.18-rt12-MANJARO/build/drivers/ras
/usr/lib/modules/4.16.18-rt12-MANJARO/build/drivers/regulator
/usr/lib/modules/4.16.18-rt12-MANJARO/build/drivers/remoteproc
/usr/lib/modules/4.16.18-rt12-MANJARO/build/drivers/reset
/usr/lib/modules/4.16.18-rt12-MANJARO/build/drivers/rpmsg
/usr/lib/modules/4.16.18-rt12-MANJARO/build/drivers/rtc
/usr/lib/modules/4.16.18-rt12-MANJARO/build/drivers/s390
/usr/lib/modules/4.16.18-rt12-MANJARO/build/drivers/sbus
/usr/lib/modules/4.16.18-rt12-MANJARO/build/drivers/scsi
/usr/lib/modules/4.16.18-rt12-MANJARO/build/drivers/sfi
/usr/lib/modules/4.16.18-rt12-MANJARO/build/drivers/sh
/usr/lib/modules/4.16.18-rt12-MANJARO/build/drivers/siox
/usr/lib/modules/4.16.18-rt12-MANJARO/build/drivers/slimbus
/usr/lib/modules/4.16.18-rt12-MANJARO/build/drivers/sn
/usr/lib/modules/4.16.18-rt12-MANJARO/build/drivers/soc
/usr/lib/modules/4.16.18-rt12-MANJARO/build/drivers/soundwire
/usr/lib/modules/4.16.18-rt12-MANJARO/build/drivers/spi
/usr/lib/modules/4.16.18-rt12-MANJARO/build/drivers/spmi
/usr/lib/modules/4.16.18-rt12-MANJARO/build/drivers/ssb
/usr/lib/modules/4.16.18-rt12-MANJARO/build/drivers/staging
/usr/lib/modules/4.16.18-rt12-MANJARO/build/drivers/target
/usr/lib/modules/4.16.18-rt12-MANJARO/build/drivers/tee
/usr/lib/modules/4.16.18-rt12-MANJARO/build/drivers/thermal
/usr/lib/modules/4.16.18-rt12-MANJARO/build/drivers/thunderbolt
/usr/lib/modules/4.16.18-rt12-MANJARO/build/drivers/tty
/usr/lib/modules/4.16.18-rt12-MANJARO/build/drivers/uio
/usr/lib/modules/4.16.18-rt12-MANJARO/build/drivers/usb
/usr/lib/modules/4.16.18-rt12-MANJARO/build/drivers/uwb
/usr/lib/modules/4.16.18-rt12-MANJARO/build/drivers/vfio
/usr/lib/modules/4.16.18-rt12-MANJARO/build/drivers/vhost
/usr/lib/modules/4.16.18-rt12-MANJARO/build/drivers/video
/usr/lib/modules/4.16.18-rt12-MANJARO/build/drivers/virt
/usr/lib/modules/4.16.18-rt12-MANJARO/build/drivers/virtio
/usr/lib/modules/4.16.18-rt12-MANJARO/build/drivers/visorbus
/usr/lib/modules/4.16.18-rt12-MANJARO/build/drivers/vlynq
/usr/lib/modules/4.16.18-rt12-MANJARO/build/drivers/vme
/usr/lib/modules/4.16.18-rt12-MANJARO/build/drivers/w1
/usr/lib/modules/4.16.18-rt12-MANJARO/build/drivers/watchdog
/usr/lib/modules/4.16.18-rt12-MANJARO/build/drivers/xen
/usr/lib/modules/4.16.18-rt12-MANJARO/build/drivers/zorro
/usr/lib
/usr/lib/modules
/usr/lib/modules/4.16.18-rt12-MANJARO
/usr/lib/modules/4.16.18-rt12-MANJARO/build
/usr/lib/modules/4.16.18-rt12-MANJARO/build/drivers/iio/accel
/usr/lib/modules/4.16.18-rt12-MANJARO/build/drivers/iio/adc
/usr/lib/modules/4.16.18-rt12-MANJARO/build/drivers/iio/buffer
/usr/lib/modules/4.16.18-rt12-MANJARO/build/drivers/iio/chemical
/usr/lib/modules/4.16.18-rt12-MANJARO/build/drivers/iio/common
/usr/lib/modules/4.16.18-rt12-MANJARO/build/drivers/iio/counter
/usr/lib/modules/4.16.18-rt12-MANJARO/build/drivers/iio/dac
/usr/lib/modules/4.16.18-rt12-MANJARO/build/drivers/iio/dummy
/usr/lib/modules/4.16.18-rt12-MANJARO/build/drivers/iio/frequency
/usr/lib/modules/4.16.18-rt12-MANJARO/build/drivers/iio/gyro
/usr/lib/modules/4.16.18-rt12-MANJARO/build/drivers/iio/health
/usr/lib/modules/4.16.18-rt12-MANJARO/build/drivers/iio/humidity
/usr/lib/modules/4.16.18-rt12-MANJARO/build/drivers/iio/imu
/usr/lib/modules/4.16.18-rt12-MANJARO/build/drivers/iio/light
/usr/lib/modules/4.16.18-rt12-MANJARO/build/drivers/iio/magnetometer
/usr/lib/modules/4.16.18-rt12-MANJARO/build/drivers/iio/multiplexer
/usr/lib/modules/4.16.18-rt12-MANJARO/build/drivers/iio/orientation
/usr/lib/modules/4.16.18-rt12-MANJARO/build/drivers/iio/potentiometer
/usr/lib/modules/4.16.18-rt12-MANJARO/build/drivers/iio/potentiostat
/usr/lib/modules/4.16.18-rt12-MANJARO/build/drivers/iio/pressure
/usr/lib/modules/4.16.18-rt12-MANJARO/build/drivers/iio/proximity
/usr/lib/modules/4.16.18-rt12-MANJARO/build/drivers/iio/temperature
/usr/lib/modules/4.16.18-rt12-MANJARO/build/drivers/iio/trigger
/home/op3ntrp/Downloads/Music
/home/op3ntrp/Downloads/Programs/seamonkey/dictionaries
/home/op3ntrp/Downloads/Programs/seamonkey/chrome
/home/op3ntrp/Downloads/Programs/seamonkey/icons
/home/op3ntrp/Downloads/Programs/seamonkey/components
/home/op3ntrp/Downloads/Programs/seamonkey/defaults
/home/op3ntrp/Downloads/Programs/seamonkey/isp
/home/op3ntrp/Downloads/Programs/seamonkey/fonts
/home/op3ntrp/Downloads/Programs/seamonkey/searchplugins
/home/op3ntrp/Downloads/Programs/seamonkey/gtk2
/home/op3ntrp/Downloads/Programs/seamonkey/extensions
/home/op3ntrp/Downloads/Programs/Sidebar-Conky
/home/op3ntrp/Downloads/Programs/tor-browser_en-US
/home/op3ntrp/Downloads/Programs/tuned-2.10.0
/home/op3ntrp/Downloads/Programs/global-6.6.2
/home/op3ntrp/Downloads/Programs/seamonkey
/home/raja
/home/Repos/neovim/busted
/home/Repos/neovim/ci
/home/Repos/neovim/cmake
/home/Repos/neovim/config
/home/Repos/neovim/contrib
/home/Repos/neovim/man
/home/Repos/neovim/runtime
/home/Repos/neovim/scripts
/home/Repos/neovim/snap
/home/Repos/neovim/src
/home/Repos/neovim/test
/home/Repos/neovim/third-party
/home/Repos/neovim/unicode
/home/Repos/neovim/build
/home/op3ntrp/Downloads/Programs
/home/op3ntrp/Downloads/Programs/pango-1.42.4
/home/op3ntrp/Downloads/Programs/pango-1.42.4/tests
/home/op3ntrp/Downloads/Programs/pango-1.42.4/examples
/home/op3ntrp/Downloads/Programs/pango-1.42.4/pango
/home/op3ntrp/Downloads/Programs/pango-1.42.4/win32
/home/op3ntrp/Downloads/Programs/pango-1.42.4/utils
/home/op3ntrp/Downloads/Programs/pango-1.42.4/tools
/home/op3ntrp/Downloads/Programs/pango-1.42.4/docs
/home/Shared/.dotfiles/PyCharm2018.1
/home/op3ntrp/Desktop
/home/op3ntrp/Downloads
/home/op3ntrp/Templates
/home/op3ntrp/Public
/home/op3ntrp/Documents
/home/op3ntrp/Music
/home/op3ntrp/Pictures
/home/op3ntrp/Videos
/var
/dev
/run
/etc
/tmp
/sys
/proc
/usr
/mnt
/root
/srv
/boot/grub/themes/starfield
/boot/grub/x86_64-efi
/boot/grub/locale
/boot/grub/fonts
/boot/efi/EFI
/boot/efi/loader
/boot/efi/boot-repair
/home/risan/Programs
/home/risan/Programs/alacritty
/home/risan/Programs/alacritty/assets
/home/risan/Programs/alacritty/copypasta
/home/risan/Programs/alacritty/docs
/home/risan/Programs/alacritty/font
/home/risan/Programs/alacritty/res
/home/risan/Programs/alacritty/scripts
/home/risan/Programs/alacritty/snap
/home/risan/Programs/alacritty/src
/home/risan/Programs/alacritty/tests
/home/Shared/neovim
/home/Shared/Movies
/home/boot
/home/op3ntrap
/home/ubuntu
/opt/cuda/bin/crt
/opt/cuda/doc
/opt/cuda/extras
/opt/cuda/include
/opt/cuda/lib64
/opt/cuda/libnsight
/opt/cuda/libnvvp
/opt/cuda/nsightee_plugins
/opt/cuda/nvml
/opt/cuda/nvvm
/opt/cuda/samples
/opt/cuda/share
/opt/cuda/src
/opt/cuda/tools
/opt/xdman
/opt/dotnet
/opt/Auryo
/opt/VirtualBox
/home/risan/Downloads/libav/avbuild
/home/risan/Downloads/libav/avtools
/home/risan/Downloads/libav/compat
/home/risan/Downloads/libav/doc
/home/risan/Downloads/libav/libavcodec
/home/risan/Downloads/libav/libavdevice
/home/risan/Downloads/libav/libavfilter
/home/risan/Downloads/libav/libavformat
/home/risan/Downloads/libav/libavresample
/home/risan/Downloads/libav/libavutil
/home/risan/Downloads/libav/libswscale
/home/risan/Downloads/libav/presets
/home/risan/Downloads/libav/tests
/home/risan/Downloads/libav/tools
/home/risan/Downloads/libav-12.3/doc/doxy
/home/risan/Downloads/libav-12.3/doc/examples
/home/risan/Downloads/libav-12.3/compat
/home/risan/Downloads/libav-12.3/libavcodec
/home/risan/Downloads/libav-12.3/libavdevice
/home/risan/Downloads/libav-12.3/libavfilter
/home/risan/Downloads/libav-12.3/libavformat
/home/risan/Downloads/libav-12.3/libavresample
/home/risan/Downloads/libav-12.3/libavutil
/home/risan/Downloads/libav-12.3/libswscale
/home/risan/Downloads/libav-12.3/tests
/home/risan/kernel
/home/risan/VirtualBox VMs
/home/risan/.SpaceVim/autoload
/boot/memtest86+
/boot/syslinux
/home/risan/Downloads/Music
/home/risan/Downloads/Compressed
/home/risan/Downloads/Video
/home/risan/Downloads/Transmission
/home/risan/Downloads/Documents
/home/risan/Downloads/Fonts
/home/risan/Downloads/youtube-dl(1) — Arch manual pages_files
/home/risan/Desktop
/home/risan/Templates
/home/risan/Public
/home/risan/Pictures
/home/risan/Videos
/home/risan/nltk_data
/home/risan/MathWorks
/home/risan/floobits
/home/risan/Backups
/home/risan/JetBrains
/home/risan/Python
/home/risan/PycharmProjects
/home/risan/UPSC
/home/risan/-ffmpeg
/home/risan/node_modules
/home/risan/Documents/GitHub
/home/risan/Documents/pacman.mirrors
/home/risan/Documents/Logs
/home/risan/Documents/UPSC
/home/risan/Documents/MATLAB
/home/risan/Documents/Notes
/home/risan/Documents/opencv_hw
/home/risan/Documents/vimwiki
/home/risan/Documents/Euler
/home/risan/Documents/LectureNotes
/home/risan/Documents/refind
/home/risan/Documents/boot
/home/risan/Documents/housekeeping
/home/risan/Documents
/home/risan/Documents/acpi
/home/risan/Documents/systemd
/home/risan/.i3
/home/risan/.config
/home/risan/.SpaceVim/autoload/SpaceVim
/home/risan/.SpaceVim
/home/risan/.config/youtube-dl
/home/risan/Downloads/libav-12.3/tools
/home/risan/Downloads/libav-12.3/presets
/home/risan/Downloads/libav-12.3/doc
/home/risan/Downloads/libav-12.3
/home/risan/Downloads
/opt
/opt/cuda
/opt/cuda/bin
/home/risan/Downloads/libav
/home/risan/Downloads/Programs
/home/risan/Downloads/Programs/alacritty
/boot
/boot/efi
/boot/grub
/boot/grub/themes
/
/home/op3ntrp/.config
/home/Shared/.dotfiles/PyCharm2018.1/.config
/home/Shared/.dotfiles
/home/op3ntrp/.dotfiles/fzf
/home/op3ntrp/.dotfiles/zsh
/home/Downloads/Programs/pango-1.42.4
/home/Repos
/home/Repos/neovim
/home
/home/Downloads
/home/Downloads/Programs
/home/Downloads/Programs/seamonkey
/home/op3ntrp/.dotfiles/youtube-dl/.config/youtube-dl
/home/Downloads/Music
/usr/lib/modules/4.16.18-rt12-MANJARO/build/drivers
/usr/lib/modules/4.16.18-rt12-MANJARO/build/drivers/iio
/usr/lib/modules/4.16.18-rt12-MANJARO/build/drivers/iio/amplifiers
/home/Shared
/home/Shared/dotfiles
/home/op3ntrp
/home/op3ntrp/.dotfiles
/home/risan/.dotfiles
/home/risan
/home/risan/.dotfiles
