VirtualBox XPCOM Server 5.2.18 r124319 linux.amd64 (Aug 14 2018 14:05:41) release log
00:00:00.000845 main     Log opened 2018-09-06T00:29:30.340071000Z
00:00:00.000846 main     Build Type: release
00:00:00.000850 main     OS Product: Linux
00:00:00.000850 main     OS Release: 4.18.6-1-MANJARO
00:00:00.000851 main     OS Version: #1 SMP PREEMPT Wed Sep 5 19:26:55 UTC 2018
00:00:00.000871 main     DMI Product Name: OMEN by HP Laptop
00:00:00.000876 main     DMI Product Version: Type1ProductConfigId
00:00:00.000911 main     Host RAM: 15928MB (15.5GB) total, 15533MB (15.1GB) available
00:00:00.000914 main     Executable: /opt/VirtualBox/VBoxSVC
00:00:00.000915 main     Process ID: 18533
00:00:00.000915 main     Package type: LINUX_64BITS_GENERIC
00:00:00.002092 main     IPC socket path: /tmp/.vbox-risan-ipc/ipcd
00:00:00.105068 nspr-2   VirtualBox: object creation starts
00:00:00.105216 nspr-2   Home directory: '/home/risan/.config/VirtualBox'
00:00:00.105527 nspr-2   Loading settings file "/home/risan/.config/VirtualBox/VirtualBox.xml" with version "1.12-linux"
00:00:00.107029 nspr-2   USB: Unknown USB device detected (idVendor: 0x8087, idProduct: 0x0a2a)
00:00:00.107130 nspr-2   Successfully initialised host USB using sysfs
00:00:00.133316 nspr-2   NetIfAdpCtlOut: VBoxNetAdpCtl: Error while retrieving link speed for wlo1: VBoxNetAdpCtl: ioctl failed: Operation not supported
00:00:00.133788 nspr-2   NAT: resolv.conf: nameserver 192.168.1.1
00:00:00.133807 nspr-2   HostDnsMonitor: old information
00:00:00.133812 nspr-2     no server entries
00:00:00.133819 nspr-2     no domain set
00:00:00.133822 nspr-2     no search string entries
00:00:00.133825 nspr-2   HostDnsMonitor: new information
00:00:00.133828 nspr-2     server 1: 192.168.1.1
00:00:00.133831 nspr-2     domain: ib-wrb302n.setup.cn
00:00:00.133834 nspr-2     search string 1: ib-wrb302n.setup.cn
00:00:00.133839 nspr-2   HostDnsMonitorProxy::notify
00:00:00.139099 nspr-2   failed to create vboxnet0, error (0x80004005)
00:00:00.139995 nspr-2   VD: VDInit finished with VINF_SUCCESS
00:00:00.143283 nspr-2   Loading settings file "/home/risan/VirtualBox VMs/ff/ff.vbox" with version "1.15-linux"
00:00:00.148020 nspr-2   VirtualBox: object created
00:00:05.764113 nspr-4   NetIfAdpCtlOut: VBoxNetAdpCtl: Error while retrieving link speed for wlo1: VBoxNetAdpCtl: ioctl failed: Operation not supported
00:00:05.777336 nspr-4   NetIfAdpCtlOut: VBoxNetAdpCtl: Error while retrieving link speed for wlo1: VBoxNetAdpCtl: ioctl failed: Operation not supported
00:00:48.923457 nspr-5   ERROR [COM]: aRC=VBOX_E_OBJECT_NOT_FOUND (0x80bb0001) aIID={85cd948e-a71f-4289-281e-0ca7ad48cd89} aComponent={SessionMachine} aText={No storage device attached to device slot 0 on port 0 of controller 'SATA'}, preserve=false aResultDetail=0
00:00:48.934522 nspr-5   Saving settings file "/home/risan/VirtualBox VMs/ff/ff.vbox" with version "1.15-linux"
00:00:51.795654 nspr-3   Load [/opt/VirtualBox/ExtensionPacks/Oracle_VM_VirtualBox_Extension_Pack/linux.amd64/VBoxHostWebcam.so] rc VINF_SUCCESS
00:00:51.986087 nspr-3   ERROR [COM]: aRC=VBOX_E_IPRT_ERROR (0x80bb0005) aIID={85cd948e-a71f-4289-281e-0ca7ad48cd89} aComponent={SessionMachine} aText={Saved screenshot data is not available (VERR_NOT_SUPPORTED)}, preserve=false aResultDetail=0
00:00:52.002017 nspr-3   NetIfAdpCtlOut: VBoxNetAdpCtl: Error while retrieving link speed for wlo1: VBoxNetAdpCtl: ioctl failed: Operation not supported
00:01:23.015903 nspr-6   Load [/opt/VirtualBox/ExtensionPacks/Oracle_VM_VirtualBox_Extension_Pack/linux.amd64/VBoxHostWebcam.so] rc VINF_SUCCESS
00:01:27.072742 nspr-4   NetIfAdpCtlOut: VBoxNetAdpCtl: Error while retrieving link speed for wlo1: VBoxNetAdpCtl: ioctl failed: Operation not supported
00:01:27.090373 nspr-8   NetIfAdpCtlOut: VBoxNetAdpCtl: Error while retrieving link speed for wlo1: VBoxNetAdpCtl: ioctl failed: Operation not supported
00:01:59.514421 nspr-2   Saving settings file "/home/risan/VirtualBox VMs/ff/ff.vbox" with version "1.15-linux"
00:12:07.627295 nspr-8   NetIfAdpCtlOut: VBoxNetAdpCtl: Error while retrieving link speed for wlo1: VBoxNetAdpCtl: ioctl failed: Operation not supported
00:12:07.639584 nspr-3   NetIfAdpCtlOut: VBoxNetAdpCtl: Error while retrieving link speed for wlo1: VBoxNetAdpCtl: ioctl failed: Operation not supported
00:12:14.151320 nspr-2   Saving settings file "/home/risan/VirtualBox VMs/ff/ff.vbox" with version "1.15-linux"
00:14:19.065184 nspr-6   Saving settings file "/home/risan/VirtualBox VMs/ff/ff.vbox" with version "1.15-linux"
00:14:54.789982 nspr-4   Saving settings file "/home/risan/VirtualBox VMs/ff/ff.vbox" with version "1.15-linux"
00:15:00.214846 nspr-2   Saving settings file "/home/risan/VirtualBox VMs/ff/ff.vbox" with version "1.15-linux"
00:15:23.613461 USBPROXY USBProxyBackendLinux: Device 05ac:12a8 (sysfs:/sys/devices/pci0000:00/0000:00:14.0/usb1/1-2//device:/dev/vboxusb/001/004) isn't accessible. giving udev a few seconds to fix this...
00:15:30.710161 nspr-3   Load [/opt/VirtualBox/ExtensionPacks/Oracle_VM_VirtualBox_Extension_Pack/linux.amd64/VBoxHostWebcam.so] rc VINF_SUCCESS
00:15:30.922326 nspr-7   ERROR [COM]: aRC=VBOX_E_IPRT_ERROR (0x80bb0005) aIID={85cd948e-a71f-4289-281e-0ca7ad48cd89} aComponent={SessionMachine} aText={Saved screenshot data is not available (VERR_NOT_SUPPORTED)}, preserve=false aResultDetail=0
00:15:30.945456 nspr-5   NetIfAdpCtlOut: VBoxNetAdpCtl: Error while retrieving link speed for wlo1: VBoxNetAdpCtl: ioctl failed: Operation not supported
00:15:43.561478 nspr-6   Saving settings file "/home/risan/VirtualBox VMs/ff/ff.vbox" with version "1.15-linux"
00:15:43.715250 nspr-6   Saving settings file "/home/risan/VirtualBox VMs/ff/ff.vbox" with version "1.15-linux"
00:15:44.609744 nspr-8   Saving settings file "/home/risan/VirtualBox VMs/ff/ff.vbox" with version "1.15-linux"
00:15:48.187999 nspr-7   NetIfAdpCtlOut: VBoxNetAdpCtl: Error while retrieving link speed for wlo1: VBoxNetAdpCtl: ioctl failed: Operation not supported
00:15:48.205677 nspr-8   NetIfAdpCtlOut: VBoxNetAdpCtl: Error while retrieving link speed for wlo1: VBoxNetAdpCtl: ioctl failed: Operation not supported
00:17:34.189902 nspr-6   Saving settings file "/home/risan/VirtualBox VMs/ff/ff.vbox" with version "1.15-linux"
00:17:43.066540 nspr-5   Load [/opt/VirtualBox/ExtensionPacks/Oracle_VM_VirtualBox_Extension_Pack/linux.amd64/VBoxHostWebcam.so] rc VINF_SUCCESS
00:17:43.224069 nspr-7   ERROR [COM]: aRC=VBOX_E_IPRT_ERROR (0x80bb0005) aIID={85cd948e-a71f-4289-281e-0ca7ad48cd89} aComponent={SessionMachine} aText={Saved screenshot data is not available (VERR_NOT_SUPPORTED)}, preserve=false aResultDetail=0
00:17:43.243840 nspr-8   NetIfAdpCtlOut: VBoxNetAdpCtl: Error while retrieving link speed for wlo1: VBoxNetAdpCtl: ioctl failed: Operation not supported
00:18:34.550613 nspr-7   Saving settings file "/home/risan/VirtualBox VMs/ff/ff.vbox" with version "1.15-linux"
00:18:37.770948 nspr-4   Load [/opt/VirtualBox/ExtensionPacks/Oracle_VM_VirtualBox_Extension_Pack/linux.amd64/VBoxHostWebcam.so] rc VINF_SUCCESS
00:18:37.927735 nspr-4   ERROR [COM]: aRC=VBOX_E_IPRT_ERROR (0x80bb0005) aIID={85cd948e-a71f-4289-281e-0ca7ad48cd89} aComponent={SessionMachine} aText={Saved screenshot data is not available (VERR_NOT_SUPPORTED)}, preserve=false aResultDetail=0
00:18:37.947286 nspr-5   NetIfAdpCtlOut: VBoxNetAdpCtl: Error while retrieving link speed for wlo1: VBoxNetAdpCtl: ioctl failed: Operation not supported
00:18:54.169150 nspr-4   Saving settings file "/home/risan/VirtualBox VMs/ff/ff.vbox" with version "1.15-linux"
00:18:59.532623 nspr-2   Saving settings file "/home/risan/.config/VirtualBox/VirtualBox.xml" with version "1.12-linux"
00:19:00.209312 nspr-8   Saving settings file "/home/risan/.config/VirtualBox/VirtualBox.xml" with version "1.12-linux"
00:19:14.521062 nspr-8   NetIfAdpCtlOut: VBoxNetAdpCtl: Error while retrieving link speed for wlo1: VBoxNetAdpCtl: ioctl failed: Operation not supported
00:19:14.538199 nspr-7   NetIfAdpCtlOut: VBoxNetAdpCtl: Error while retrieving link speed for wlo1: VBoxNetAdpCtl: ioctl failed: Operation not supported
00:19:38.435438 nspr-3   Saving settings file "/home/risan/VirtualBox VMs/ff/ff.vbox" with version "1.15-linux"
00:19:42.245156 nspr-5   Load [/opt/VirtualBox/ExtensionPacks/Oracle_VM_VirtualBox_Extension_Pack/linux.amd64/VBoxHostWebcam.so] rc VINF_SUCCESS
00:19:42.434294 nspr-5   ERROR [COM]: aRC=VBOX_E_IPRT_ERROR (0x80bb0005) aIID={85cd948e-a71f-4289-281e-0ca7ad48cd89} aComponent={SessionMachine} aText={Saved screenshot data is not available (VERR_NOT_SUPPORTED)}, preserve=false aResultDetail=0
00:19:42.453088 nspr-8   NetIfAdpCtlOut: VBoxNetAdpCtl: Error while retrieving link speed for wlo1: VBoxNetAdpCtl: ioctl failed: Operation not supported
00:21:32.825689 nspr-6   ERROR [COM]: aRC=VBOX_E_IPRT_ERROR (0x80bb0005) aIID={85cd948e-a71f-4289-281e-0ca7ad48cd89} aComponent={SessionMachine} aText={Saved screenshot data is not available (VERR_NOT_SUPPORTED)}, preserve=false aResultDetail=0
00:21:40.939270 nspr-5   ERROR [COM]: aRC=VBOX_E_IPRT_ERROR (0x80bb0005) aIID={85cd948e-a71f-4289-281e-0ca7ad48cd89} aComponent={SessionMachine} aText={Saved screenshot data is not available (VERR_NOT_SUPPORTED)}, preserve=false aResultDetail=0
00:22:12.085587 nspr-6   Saving settings file "/home/risan/.config/VirtualBox/VirtualBox.xml" with version "1.12-linux"
00:22:34.729017 USBPROXY USBProxyBackendLinux: Device 05ac:12a8 (sysfs:/sys/devices/pci0000:00/0000:00:14.0/usb1/1-2//device:/dev/vboxusb/001/005) isn't accessible. giving udev a few seconds to fix this...
00:23:42.030516 nspr-4   Saving settings file "/home/risan/VirtualBox VMs/ff/ff.vbox" with version "1.15-linux"
00:25:11.025927 USBPROXY USBProxyBackendLinux: Device 05ac:12a8 (sysfs:/sys/devices/pci0000:00/0000:00:14.0/usb1/1-2//device:/dev/vboxusb/001/006) isn't accessible. giving udev a few seconds to fix this...
00:28:05.658361 nspr-5   Load [/opt/VirtualBox/ExtensionPacks/Oracle_VM_VirtualBox_Extension_Pack/linux.amd64/VBoxHostWebcam.so] rc VINF_SUCCESS
00:28:07.449133 nspr-8   NetIfAdpCtlOut: VBoxNetAdpCtl: Error while retrieving link speed for wlo1: VBoxNetAdpCtl: ioctl failed: Operation not supported
00:28:07.465479 nspr-3   NetIfAdpCtlOut: VBoxNetAdpCtl: Error while retrieving link speed for wlo1: VBoxNetAdpCtl: ioctl failed: Operation not supported
00:28:23.607535 nspr-2   Saving settings file "/home/risan/VirtualBox VMs/ff/ff.vbox" with version "1.15-linux"
00:30:47.361357 nspr-2   Saving settings file "/home/risan/VirtualBox VMs/ff/ff.vbox" with version "1.15-linux"
00:31:05.926404 nspr-8   NetIfAdpCtlOut: VBoxNetAdpCtl: Error while retrieving link speed for wlo1: VBoxNetAdpCtl: ioctl failed: Operation not supported
00:31:05.942647 nspr-7   NetIfAdpCtlOut: VBoxNetAdpCtl: Error while retrieving link speed for wlo1: VBoxNetAdpCtl: ioctl failed: Operation not supported
00:31:17.407269 nspr-4   Saving settings file "/home/risan/VirtualBox VMs/ff/ff.vbox" with version "1.15-linux"
00:33:25.654449 nspr-6   Load [/opt/VirtualBox/ExtensionPacks/Oracle_VM_VirtualBox_Extension_Pack/linux.amd64/VBoxHostWebcam.so] rc VINF_SUCCESS
00:33:31.886317 nspr-8   NetIfAdpCtlOut: VBoxNetAdpCtl: Error while retrieving link speed for wlo1: VBoxNetAdpCtl: ioctl failed: Operation not supported
00:33:31.935233 nspr-2   NetIfAdpCtlOut: VBoxNetAdpCtl: Error while retrieving link speed for wlo1: VBoxNetAdpCtl: ioctl failed: Operation not supported
00:33:51.912421 nspr-4   Saving settings file "/home/risan/VirtualBox VMs/ff/ff.vbox" with version "1.15-linux"
00:34:34.728561 nspr-8   Saving settings file "/home/risan/VirtualBox VMs/ff/ff.vbox" with version "1.15-linux"
00:34:37.950805 nspr-5   Saving settings file "/home/risan/VirtualBox VMs/ff/ff.vbox" with version "1.15-linux"
00:36:26.069541 nspr-4   NetIfAdpCtlOut: VBoxNetAdpCtl: Error while retrieving link speed for wlo1: VBoxNetAdpCtl: ioctl failed: Operation not supported
00:36:26.082936 nspr-7   NetIfAdpCtlOut: VBoxNetAdpCtl: Error while retrieving link speed for wlo1: VBoxNetAdpCtl: ioctl failed: Operation not supported
00:36:50.271643 nspr-8   Saving settings file "/home/risan/VirtualBox VMs/ff/ff.vbox" with version "1.15-linux"
00:36:50.301473 nspr-4   Saving settings file "/home/risan/VirtualBox VMs/ff/ff.vbox" with version "1.15-linux"
00:36:50.438035 nspr-5   Saving settings file "/home/risan/VirtualBox VMs/ff/ff.vbox" with version "1.15-linux"
00:37:09.064237 nspr-4   NetIfAdpCtlOut: VBoxNetAdpCtl: Error while retrieving link speed for wlo1: VBoxNetAdpCtl: ioctl failed: Operation not supported
00:37:09.077127 nspr-4   NetIfAdpCtlOut: VBoxNetAdpCtl: Error while retrieving link speed for wlo1: VBoxNetAdpCtl: ioctl failed: Operation not supported
00:37:23.458125 nspr-5   Saving settings file "/home/risan/VirtualBox VMs/ff/ff.vbox" with version "1.15-linux"
00:37:23.515289 nspr-5   Saving settings file "/home/risan/VirtualBox VMs/ff/ff.vbox" with version "1.15-linux"
00:37:26.438341 nspr-4   Load [/opt/VirtualBox/ExtensionPacks/Oracle_VM_VirtualBox_Extension_Pack/linux.amd64/VBoxHostWebcam.so] rc VINF_SUCCESS
00:37:26.597446 nspr-4   ERROR [COM]: aRC=VBOX_E_IPRT_ERROR (0x80bb0005) aIID={85cd948e-a71f-4289-281e-0ca7ad48cd89} aComponent={SessionMachine} aText={Saved screenshot data is not available (VERR_NOT_SUPPORTED)}, preserve=false aResultDetail=0
00:37:26.614185 nspr-2   NetIfAdpCtlOut: VBoxNetAdpCtl: Error while retrieving link speed for wlo1: VBoxNetAdpCtl: ioctl failed: Operation not supported
00:37:32.959744 nspr-5   Saving settings file "/home/risan/VirtualBox VMs/ff/ff.vbox" with version "1.15-linux"
00:37:32.999757 nspr-5   ERROR [COM]: aRC=VBOX_E_IPRT_ERROR (0x80bb0005) aIID={85cd948e-a71f-4289-281e-0ca7ad48cd89} aComponent={SessionMachine} aText={Saved screenshot data is not available (VERR_NOT_SUPPORTED)}, preserve=false aResultDetail=0
00:37:54.679640 nspr-8   ERROR [COM]: aRC=VBOX_E_IPRT_ERROR (0x80bb0005) aIID={85cd948e-a71f-4289-281e-0ca7ad48cd89} aComponent={SessionMachine} aText={Saved screenshot data is not available (VERR_NOT_SUPPORTED)}, preserve=false aResultDetail=0
00:37:58.848097 nspr-4   NetIfAdpCtlOut: VBoxNetAdpCtl: Error while retrieving link speed for wlo1: VBoxNetAdpCtl: ioctl failed: Operation not supported
00:37:58.866818 nspr-6   NetIfAdpCtlOut: VBoxNetAdpCtl: Error while retrieving link speed for wlo1: VBoxNetAdpCtl: ioctl failed: Operation not supported
00:38:38.303153 nspr-6   Saving settings file "/home/risan/.config/VirtualBox/VirtualBox.xml" with version "1.12-linux"
00:38:43.635299 nspr-4   Saving settings file "/home/risan/VirtualBox VMs/ff/ff.vbox" with version "1.15-linux"
00:38:43.777817 nspr-8   ERROR [COM]: aRC=VBOX_E_IPRT_ERROR (0x80bb0005) aIID={85cd948e-a71f-4289-281e-0ca7ad48cd89} aComponent={SessionMachine} aText={Saved screenshot data is not available (VERR_NOT_SUPPORTED)}, preserve=false aResultDetail=0
00:46:58.936449 nspr-2   ERROR [COM]: aRC=VBOX_E_IPRT_ERROR (0x80bb0005) aIID={85cd948e-a71f-4289-281e-0ca7ad48cd89} aComponent={SessionMachine} aText={Saved screenshot data is not available (VERR_NOT_SUPPORTED)}, preserve=false aResultDetail=0
00:47:29.051793 nspr-8   Saving settings file "/home/risan/VirtualBox VMs/ff/ff.vbox" with version "1.15-linux"
00:47:30.270911 nspr-8   ERROR [COM]: aRC=VBOX_E_IPRT_ERROR (0x80bb0005) aIID={85cd948e-a71f-4289-281e-0ca7ad48cd89} aComponent={SessionMachine} aText={Saved screenshot data is not available (VERR_NOT_SUPPORTED)}, preserve=false aResultDetail=0
00:49:40.487550 USBPROXY USBProxyBackendLinux: Device 05ac:12a8 (sysfs:/sys/devices/pci0000:00/0000:00:14.0/usb1/1-2//device:/dev/vboxusb/001/007) isn't accessible. giving udev a few seconds to fix this...
00:51:10.174334 nspr-8   ERROR [COM]: aRC=VBOX_E_IPRT_ERROR (0x80bb0005) aIID={85cd948e-a71f-4289-281e-0ca7ad48cd89} aComponent={SessionMachine} aText={Saved screenshot data is not available (VERR_NOT_SUPPORTED)}, preserve=false aResultDetail=0
00:51:22.721697 nspr-2   NetIfAdpCtlOut: VBoxNetAdpCtl: Error while retrieving link speed for wlo1: VBoxNetAdpCtl: ioctl failed: Operation not supported
00:51:22.736124 nspr-6   NetIfAdpCtlOut: VBoxNetAdpCtl: Error while retrieving link speed for wlo1: VBoxNetAdpCtl: ioctl failed: Operation not supported
00:52:02.041998 main     Saving settings file "/home/risan/VirtualBox VMs/ff/ff.vbox" with version "1.15-linux"
00:52:02.263309 Watcher  Reaper: Pid 9926 (26c6) exited normally: 1 (0x1)
00:52:12.012974 nspr-5   NetIfAdpCtlOut: VBoxNetAdpCtl: Error while retrieving link speed for wlo1: VBoxNetAdpCtl: ioctl failed: Operation not supported
00:52:12.026822 nspr-8   NetIfAdpCtlOut: VBoxNetAdpCtl: Error while retrieving link speed for wlo1: VBoxNetAdpCtl: ioctl failed: Operation not supported
00:52:24.512424 nspr-8   Saving settings file "/home/risan/VirtualBox VMs/ff/ff.vbox" with version "1.15-linux"
00:52:33.518434 nspr-2   Load [/opt/VirtualBox/ExtensionPacks/Oracle_VM_VirtualBox_Extension_Pack/linux.amd64/VBoxHostWebcam.so] rc VINF_SUCCESS
00:52:33.671784 nspr-2   ERROR [COM]: aRC=VBOX_E_IPRT_ERROR (0x80bb0005) aIID={85cd948e-a71f-4289-281e-0ca7ad48cd89} aComponent={SessionMachine} aText={Saved screenshot data is not available (VERR_NOT_SUPPORTED)}, preserve=false aResultDetail=0
00:52:33.690146 nspr-8   NetIfAdpCtlOut: VBoxNetAdpCtl: Error while retrieving link speed for wlo1: VBoxNetAdpCtl: ioctl failed: Operation not supported
00:52:43.233682 nspr-7   NetIfAdpCtlOut: VBoxNetAdpCtl: Error while retrieving link speed for wlo1: VBoxNetAdpCtl: ioctl failed: Operation not supported
00:52:43.250487 nspr-6   NetIfAdpCtlOut: VBoxNetAdpCtl: Error while retrieving link speed for wlo1: VBoxNetAdpCtl: ioctl failed: Operation not supported
00:52:45.693270 nspr-8   Saving settings file "/home/risan/VirtualBox VMs/ff/ff.vbox" with version "1.15-linux"
00:52:59.702725 nspr-7   Saving settings file "/home/risan/VirtualBox VMs/ff/ff.vbox" with version "1.15-linux"
00:53:00.997087 nspr-8   ERROR [COM]: aRC=VBOX_E_IPRT_ERROR (0x80bb0005) aIID={85cd948e-a71f-4289-281e-0ca7ad48cd89} aComponent={SessionMachine} aText={Saved screenshot data is not available (VERR_NOT_SUPPORTED)}, preserve=false aResultDetail=0
00:53:44.849716 nspr-4   ERROR [COM]: aRC=VBOX_E_IPRT_ERROR (0x80bb0005) aIID={85cd948e-a71f-4289-281e-0ca7ad48cd89} aComponent={SessionMachine} aText={Saved screenshot data is not available (VERR_NOT_SUPPORTED)}, preserve=false aResultDetail=0
00:54:37.592144 nspr-7   Saving settings file "/home/risan/.config/VirtualBox/VirtualBox.xml" with version "1.12-linux"
00:54:51.029981 nspr-4   Saving settings file "/home/risan/.config/VirtualBox/VirtualBox.xml" with version "1.12-linux"
00:54:54.213101 nspr-2   Saving settings file "/home/risan/.config/VirtualBox/VirtualBox.xml" with version "1.12-linux"
00:55:22.784259 nspr-5   NetIfAdpCtlOut: VBoxNetAdpCtl: Error while retrieving link speed for wlo1: VBoxNetAdpCtl: ioctl failed: Operation not supported
00:56:44.084201 nspr-6   Saving settings file "/home/risan/VirtualBox VMs/ff/ff.vbox" with version "1.15-linux"
00:56:44.425953 nspr-8   ERROR [COM]: aRC=VBOX_E_IPRT_ERROR (0x80bb0005) aIID={85cd948e-a71f-4289-281e-0ca7ad48cd89} aComponent={SessionMachine} aText={Saved screenshot data is not available (VERR_NOT_SUPPORTED)}, preserve=false aResultDetail=0
00:57:00.775087 nspr-3   Saving settings file "/home/risan/VirtualBox VMs/ff/ff.vbox" with version "1.15-linux"
00:58:46.556103 nspr-3   NetIfAdpCtlOut: VBoxNetAdpCtl: Error while retrieving link speed for wlo1: VBoxNetAdpCtl: ioctl failed: Operation not supported
00:58:46.571285 nspr-4   NetIfAdpCtlOut: VBoxNetAdpCtl: Error while retrieving link speed for wlo1: VBoxNetAdpCtl: ioctl failed: Operation not supported
00:59:41.833803 nspr-3   Saving settings file "/home/risan/VirtualBox VMs/ff/ff.vbox" with version "1.15-linux"
01:06:34.833895 nspr-2   Load [/opt/VirtualBox/ExtensionPacks/Oracle_VM_VirtualBox_Extension_Pack/linux.amd64/VBoxHostWebcam.so] rc VINF_SUCCESS
01:09:19.775822 nspr-4   Saving settings file "/home/risan/VirtualBox VMs/ff/ff.vbox" with version "1.15-linux"
01:09:25.811241 nspr-6   ERROR [COM]: aRC=VBOX_E_IPRT_ERROR (0x80bb0005) aIID={85cd948e-a71f-4289-281e-0ca7ad48cd89} aComponent={SessionMachine} aText={Saved screenshot data is not available (VERR_NOT_SUPPORTED)}, preserve=false aResultDetail=0
01:10:30.419874 nspr-4   Saving settings file "/home/risan/VirtualBox VMs/ff/ff.vbox" with version "1.15-linux"
01:10:41.708599 nspr-7   ERROR [COM]: aRC=VBOX_E_IPRT_ERROR (0x80bb0005) aIID={85cd948e-a71f-4289-281e-0ca7ad48cd89} aComponent={SessionMachine} aText={Saved screenshot data is not available (VERR_NOT_SUPPORTED)}, preserve=false aResultDetail=0
01:10:50.433577 nspr-6   ERROR [COM]: aRC=VBOX_E_IPRT_ERROR (0x80bb0005) aIID={85cd948e-a71f-4289-281e-0ca7ad48cd89} aComponent={SessionMachine} aText={Saved screenshot data is not available (VERR_NOT_SUPPORTED)}, preserve=false aResultDetail=0
01:11:32.148478 nspr-7   Load [/opt/VirtualBox/ExtensionPacks/Oracle_VM_VirtualBox_Extension_Pack/linux.amd64/VBoxHostWebcam.so] rc VINF_SUCCESS
01:11:34.716303 nspr-4   Load [/opt/VirtualBox/ExtensionPacks/Oracle_VM_VirtualBox_Extension_Pack/linux.amd64/VBoxHostWebcam.so] rc VINF_SUCCESS
01:11:40.757500 nspr-6   Saving settings file "/home/risan/VirtualBox VMs/ff/ff.vbox" with version "1.15-linux"
01:12:13.093091 nspr-6   Saving settings file "/home/risan/VirtualBox VMs/ff/ff.vbox" with version "1.15-linux"
01:12:23.394876 nspr-8   Saving settings file "/home/risan/.config/VirtualBox/VirtualBox.xml" with version "1.12-linux"
01:12:26.430658 nspr-3   Saving settings file "/home/risan/.config/VirtualBox/VirtualBox.xml" with version "1.12-linux"
01:12:30.354581 nspr-4   Saving settings file "/home/risan/.config/VirtualBox/VirtualBox.xml" with version "1.12-linux"
01:12:31.212361 nspr-5   NetIfAdpCtlOut: VBoxNetAdpCtl: Error while retrieving link speed for wlo1: VBoxNetAdpCtl: ioctl failed: Operation not supported
01:12:31.225132 nspr-5   NetIfAdpCtlOut: VBoxNetAdpCtl: Error while retrieving link speed for wlo1: VBoxNetAdpCtl: ioctl failed: Operation not supported
01:13:22.473533 nspr-8   ERROR [COM]: aRC=VBOX_E_OBJECT_NOT_FOUND (0x80bb0001) aIID={85cd948e-a71f-4289-281e-0ca7ad48cd89} aComponent={SessionMachine} aText={No storage device attached to device slot 0 on port 1 of controller 'SATA'}, preserve=false aResultDetail=0
01:13:22.484572 nspr-5   Saving settings file "/home/risan/VirtualBox VMs/ff/ff.vbox" with version "1.15-linux"
01:13:24.580570 nspr-5   Load [/opt/VirtualBox/ExtensionPacks/Oracle_VM_VirtualBox_Extension_Pack/linux.amd64/VBoxHostWebcam.so] rc VINF_SUCCESS
01:13:24.738679 nspr-5   ERROR [COM]: aRC=VBOX_E_IPRT_ERROR (0x80bb0005) aIID={85cd948e-a71f-4289-281e-0ca7ad48cd89} aComponent={SessionMachine} aText={Saved screenshot data is not available (VERR_NOT_SUPPORTED)}, preserve=false aResultDetail=0
01:13:24.756308 nspr-7   NetIfAdpCtlOut: VBoxNetAdpCtl: Error while retrieving link speed for wlo1: VBoxNetAdpCtl: ioctl failed: Operation not supported
01:13:32.865784 nspr-2   Load [/opt/VirtualBox/ExtensionPacks/Oracle_VM_VirtualBox_Extension_Pack/linux.amd64/VBoxHostWebcam.so] rc VINF_SUCCESS
01:13:35.027226 nspr-6   Saving settings file "/home/risan/VirtualBox VMs/ff/ff.vbox" with version "1.15-linux"
01:13:52.838306 main     Saving settings file "/home/risan/VirtualBox VMs/ff/ff.vbox" with version "1.15-linux"
01:13:53.027456 Watcher  Reaper: Pid 26291 (66b3) exited normally: 1 (0x1)
01:13:56.873290 nspr-3   Load [/opt/VirtualBox/ExtensionPacks/Oracle_VM_VirtualBox_Extension_Pack/linux.amd64/VBoxHostWebcam.so] rc VINF_SUCCESS
01:13:57.106936 nspr-6   ERROR [COM]: aRC=VBOX_E_IPRT_ERROR (0x80bb0005) aIID={85cd948e-a71f-4289-281e-0ca7ad48cd89} aComponent={SessionMachine} aText={Saved screenshot data is not available (VERR_NOT_SUPPORTED)}, preserve=false aResultDetail=0
01:13:57.124268 nspr-8   NetIfAdpCtlOut: VBoxNetAdpCtl: Error while retrieving link speed for wlo1: VBoxNetAdpCtl: ioctl failed: Operation not supported
01:14:32.741883 nspr-7   Saving settings file "/home/risan/VirtualBox VMs/ff/ff.vbox" with version "1.15-linux"
01:14:43.186315 nspr-3   ERROR [COM]: aRC=VBOX_E_IPRT_ERROR (0x80bb0005) aIID={85cd948e-a71f-4289-281e-0ca7ad48cd89} aComponent={SessionMachine} aText={Saved screenshot data is not available (VERR_NOT_SUPPORTED)}, preserve=false aResultDetail=0
01:15:15.200965 nspr-2   Saving settings file "/home/risan/VirtualBox VMs/ff/ff.vbox" with version "1.15-linux"
01:15:16.470121 nspr-6   ERROR [COM]: aRC=VBOX_E_IPRT_ERROR (0x80bb0005) aIID={85cd948e-a71f-4289-281e-0ca7ad48cd89} aComponent={SessionMachine} aText={Saved screenshot data is not available (VERR_NOT_SUPPORTED)}, preserve=false aResultDetail=0
01:15:34.511698 nspr-7   ERROR [COM]: aRC=VBOX_E_IPRT_ERROR (0x80bb0005) aIID={85cd948e-a71f-4289-281e-0ca7ad48cd89} aComponent={SessionMachine} aText={Saved screenshot data is not available (VERR_NOT_SUPPORTED)}, preserve=false aResultDetail=0
01:15:42.757933 nspr-7   Saving settings file "/home/risan/VirtualBox VMs/ff/ff.vbox" with version "1.15-linux"
01:15:50.316752 nspr-6   Saving settings file "/home/risan/VirtualBox VMs/ff/ff.vbox" with version "1.15-linux"
01:15:50.424592 nspr-8   ERROR [COM]: aRC=VBOX_E_IPRT_ERROR (0x80bb0005) aIID={85cd948e-a71f-4289-281e-0ca7ad48cd89} aComponent={SessionMachine} aText={Saved screenshot data is not available (VERR_NOT_SUPPORTED)}, preserve=false aResultDetail=0
01:18:20.736711 USBPROXY USBProxyBackendLinux: Device 05ac:12a8 (sysfs:/sys/devices/pci0000:00/0000:00:14.0/usb1/1-2//device:/dev/vboxusb/001/008) isn't accessible. giving udev a few seconds to fix this...
01:59:05.879386 nspr-8   ERROR [COM]: aRC=VBOX_E_IPRT_ERROR (0x80bb0005) aIID={85cd948e-a71f-4289-281e-0ca7ad48cd89} aComponent={SessionMachine} aText={Saved screenshot data is not available (VERR_NOT_SUPPORTED)}, preserve=false aResultDetail=0
01:59:08.895393 nspr-6   Saving settings file "/home/risan/VirtualBox VMs/ff/ff.vbox" with version "1.15-linux"
01:59:12.572146 nspr-2   Saving settings file "/home/risan/VirtualBox VMs/ff/ff.vbox" with version "1.15-linux"
01:59:29.277420 nspr-2   ERROR [COM]: aRC=VBOX_E_IPRT_ERROR (0x80bb0005) aIID={85cd948e-a71f-4289-281e-0ca7ad48cd89} aComponent={SessionMachine} aText={Saved screenshot data is not available (VERR_NOT_SUPPORTED)}, preserve=false aResultDetail=0
02:12:28.331644 USBPROXY USBProxyBackendLinux: Device 05ac:12a8 (sysfs:/sys/devices/pci0000:00/0000:00:14.0/usb1/1-2//device:/dev/vboxusb/001/009) isn't accessible. giving udev a few seconds to fix this...
02:26:30.453290 nspr-3   Saving settings file "/home/risan/VirtualBox VMs/ff/ff.vbox" with version "1.15-linux"
02:26:33.788458 nspr-8   Saving settings file "/home/risan/VirtualBox VMs/ff/ff.vbox" with version "1.15-linux"
02:28:09.897330 nspr-4   Saving settings file "/home/risan/.config/VirtualBox/VirtualBox.xml" with version "1.12-linux"
02:28:17.732227 nspr-3   Saving settings file "/home/risan/.config/VirtualBox/VirtualBox.xml" with version "1.12-linux"
02:28:23.262222 main     VirtualBox: object deletion starts
02:28:23.262325 main     ERROR [COM]: aRC=VBOX_E_OBJECT_IN_USE (0x80bb000c) aIID={4afe423b-43e0-e9d0-82e8-ceb307940dda} aComponent={MediumWrap} aText={Medium '/home/risan/VirtualBox VMs/ff/ff.vdi' cannot be closed because it is still attached to 1 virtual machines}, preserve=false aResultDetail=0
02:28:23.513983 Watcher  ERROR [COM]: aRC=E_ACCESSDENIED (0x80070005) aIID={9570b9d5-f1a1-448a-10c5-e12f5285adad} aComponent={VirtualBoxWrap} aText={The object is not ready}, preserve=false aResultDetail=0
02:28:28.263919 main     {00007ff6a4018ee0} HostPowerServiceLinux::~HostPowerServiceLinux: RTThreadWait() for 5000 ms failed with VERR_TIMEOUT
02:28:28.273191 main     VirtualBox: object deleted
