Clight
* Software version:		2.4
* Starting time:		Tue Sep 18 17:27:53 2018

Starting options:

### Generic ###
* Verbose (debugging):		Disabled
* Number of captures:		20
* Webcam device:		Unset
* Backlight path:		Unset
* User position:		28.70	77.10
* Daily screen temp:		6500
* Nightly screen temp:		4000
* User set sunrise:		Unset
* User set sunset:		Unset
* Event duration:		1800
* Dimmer backlight pct:		0.01

### Timeouts ###
* Daily timeouts:		AC 600	BATT 1200
* Nightly timeout:		AC 2700	BATT 5400
* Event timeouts:		AC 300	BATT 600
* Dimmer timeouts:		AC 45	BATT 20
* Dpms timeouts:		AC 0:1200:1800	BATT 300:420:600

### Modules ###
* Brightness correction:		Disabled
* Gamma correction:		Enabled
* Screen dpms tool:		Enabled
* Screen dimmer tool:		Disabled

### Smooth ###
* Bright smooth trans:		Enabled
* Gamma smooth trans:		Enabled
* Dimmer smooth trans:		Enabled
* Bright smooth steps:		0.05
* Gamma smooth steps:		50
* Dimmer smooth steps:		0.05
* Bright smooth timeout:		30
* Gamma smooth timeout:		300
* Dimmer smooth timeout:		30

(I)[17:27:53]{clightd.c:54}	Clightd found, version: 2.3.
(I)[17:27:53]{dpms.c:66}	Disabling DPMS as a timeout <= 0 has been found.
(I)[17:27:53]{gamma.c:199}	6500 gamma temp set.
(I)[17:27:53]{gamma.c:87}	Next gamma alarm due to: Tue Sep 18 17:54:00 2018
(I)[17:54:00]{gamma.c:199}	6500 gamma temp set.
(I)[17:54:00]{gamma.c:87}	Next gamma alarm due to: Tue Sep 18 18:24:00 2018
(I)[18:24:00]{gamma.c:199}	4000 gamma temp set.
(I)[18:24:00]{gamma.c:87}	Next gamma alarm due to: Tue Sep 18 18:54:00 2018
(I)[18:40:13]{upower.c:80}	Ac cable disconnected. Powersaving mode enabled.
(I)[18:54:00]{gamma.c:199}	4000 gamma temp set.
(I)[18:54:00]{gamma.c:87}	Next gamma alarm due to: Wed Sep 19 05:38:00 2018
(I)[19:37:25]{upower.c:80}	Ac cable connected. Powersaving mode disabled.
(I)[19:37:25]{dpms.c:66}	Disabling DPMS as a timeout <= 0 has been found.
(I)[08:09:00]{gamma.c:199}	6500 gamma temp set.
(I)[08:09:00]{gamma.c:87}	Next gamma alarm due to: Wed Sep 19 17:53:00 2018
